<?xml version="1.0" encoding="UTF-8"?>
<!-- Generated by org.testng.reporters.JUnitReportReporter -->
<testsuite hostname="LAPTOP-RNDN99CV" failures="0" tests="3" name="testCases.TC002_LoginTestCase" time="5.729" errors="0" timestamp="2025-07-23T06:41:36 IST" skipped="0">
  <testcase classname="testCases.TC002_LoginTestCase" name="VerifyLogin" time="1.576"/>
  <testcase classname="testCases.TC002_LoginTestCase" name="VerifyLogin" time="2.149"/>
  <testcase classname="testCases.TC002_LoginTestCase" name="VerifyLogin" time="2.004"/>
</testsuite> <!-- testCases.TC002_LoginTestCase -->
