<?xml version="1.0" encoding="UTF-8"?>
<!-- Generated by org.testng.reporters.JUnitReportReporter -->
<testsuite hostname="LAPTOP-RNDN99CV" failures="0" tests="1" name="testCases.TC001_AccountRegistration" time="2.247" errors="0" timestamp="2025-07-23T07:11:27 IST" skipped="0">
  <testcase classname="testCases.TC001_AccountRegistration" name="Verify_AccountRegistration" time="2.247"/>
</testsuite> <!-- testCases.TC001_AccountRegistration -->
